[12:51:50] [main/INFO]: [STDOUT]: Transforming Class [net.minecraft.block.Block], Method [getExtendedState]
[12:51:50] [main/INFO]: [STDOUT]: Transforming net.minecraft.block.Block Finished.
[12:51:53] [Server thread/INFO]: Starting minecraft server version 1.11.2
[12:52:11] [Server thread/INFO]: [STDOUT]: Doomlike Dungeons is in preInit, should now load config.
[12:52:11] [Server thread/INFO]: [STDOUT]: [DLDUNGEONS] themesdir is C:\Users\Pablo\Desktop\Minecrafting\config\DLDungeonsJBG
[12:52:11] [Server thread/INFO]: [STDOUT]: freqScale = 8
[12:52:11] [Server thread/INFO]: [STDOUT]: factor = 32
[12:52:11] [Server thread/INFO]: [STDOUT]: [DLDUNGEONS] Frequency Scaling Factor Set To: 8
[12:52:11] [Server thread/INFO]: [STDOUT]: [DLDUNGEONS] Minimum X Factor Set To: 16
[12:52:11] [Server thread/INFO]: [STDOUT]: [DLDUNGEONS] Difficulty set to: Normal difficulty.
[12:52:11] [Server thread/INFO]: [STDOUT]: [DLDUNGEONS] Will spawn dungeons in with world generation? true
[12:52:11] [Server thread/INFO]: [STDOUT]: [DLDUNGEONS] Will spawn dungeons even with structures disabled? false
[12:52:11] [Server thread/INFO]: [STDOUT]: [DLDUNGEONS] Will export item, block, and mob lists? false
[12:52:11] [Server thread/INFO]: [STDOUT]: [DLDUNGEONS] Will announce use of OP/cheat commands? true
[12:52:11] [Server thread/INFO]: [STDOUT]: [DLDUNGEONS] Will dungeons be easy to find? false
[12:52:11] [Server thread/INFO]: [STDOUT]: [DLDUNGEONS] Will themes be automatically install if themes folder is empty? true
[12:52:11] [Server thread/INFO]: [STDOUT]: [DLDUNGEONS] Can themes be (re)installed by command? true
[12:52:11] [Server thread/INFO]: [STDOUT]: [DLDUNGEONS] Will be stingy with chests? false
[12:52:11] [Server thread/INFO]: [STDOUT]: [DLDUNGEONS] adding END to excusion list
[12:52:11] [Server thread/INFO]: [STDOUT]: [DLDUNGEONS] Will use API? true
[12:52:11] [Server thread/INFO]: [STDOUT]: [DLDUNGEONS] Will allow API base mob change? true
[12:52:11] [Server thread/INFO]: [STDOUT]: [DLDUNGEONS] Will self-profile? false
[12:52:11] [Server thread/INFO]: [STDOUT]: [DLDUNGEONS] themesdir will be set to C:\Users\Pablo\Desktop\Minecrafting\config\DLDungeonsJBG\themes\
[12:52:11] [Server thread/INFO]: [STDOUT]: [DLDUNGEONS] themesdir File is be set to C:\Users\Pablo\Desktop\Minecrafting\config\DLDungeonsJBG\themes
[12:52:11] [Server thread/INFO]: [STDOUT]: [DLDUNGEONS] themesdir is C:\Users\Pablo\Desktop\Minecrafting\config\DLDungeonsJBG\themes
[12:52:11] [Server thread/INFO]: [STDOUT]: [DLDUNGEONS] Installing files C:\Users\Pablo\Desktop\Minecrafting\config\DLDungeonsJBG\chests.cfg
[12:52:11] [Server thread/INFO]: [STDOUT]: [DLDUNGEONS] Config should now be loaded.
[12:52:12] [Server thread/INFO]: [STDERR]: java.lang.ClassNotFoundException: minetweaker.MineTweakerAPI
[12:52:12] [Server thread/INFO]: [STDERR]: 	at net.minecraft.launchwrapper.LaunchClassLoader.findClass(LaunchClassLoader.java:191)
[12:52:12] [Server thread/INFO]: [STDERR]: 	at java.lang.ClassLoader.loadClass(Unknown Source)
[12:52:12] [Server thread/INFO]: [STDERR]: 	at java.lang.ClassLoader.loadClass(Unknown Source)
[12:52:12] [Server thread/INFO]: [STDERR]: 	at java.lang.Class.forName0(Native Method)
[12:52:12] [Server thread/INFO]: [STDERR]: 	at java.lang.Class.forName(Unknown Source)
[12:52:12] [Server thread/INFO]: [STDERR]: 	at futurepack.minetweaker.MinetweakerBridge.init(MinetweakerBridge.java:15)
[12:52:12] [Server thread/INFO]: [STDERR]: 	at futurepack.common.FPMain.preInit(FPMain.java:161)
[12:52:12] [Server thread/INFO]: [STDERR]: 	at sun.reflect.NativeMethodAccessorImpl.invoke0(Native Method)
[12:52:12] [Server thread/INFO]: [STDERR]: 	at sun.reflect.NativeMethodAccessorImpl.invoke(Unknown Source)
[12:52:12] [Server thread/INFO]: [STDERR]: 	at sun.reflect.DelegatingMethodAccessorImpl.invoke(Unknown Source)
[12:52:12] [Server thread/INFO]: [STDERR]: 	at java.lang.reflect.Method.invoke(Unknown Source)
[12:52:12] [Server thread/INFO]: [STDERR]: 	at net.minecraftforge.fml.common.FMLModContainer.handleModStateEvent(FMLModContainer.java:641)
[12:52:12] [Server thread/INFO]: [STDERR]: 	at sun.reflect.GeneratedMethodAccessor8.invoke(Unknown Source)
[12:52:12] [Server thread/INFO]: [STDERR]: 	at sun.reflect.DelegatingMethodAccessorImpl.invoke(Unknown Source)
[12:52:12] [Server thread/INFO]: [STDERR]: 	at java.lang.reflect.Method.invoke(Unknown Source)
[12:52:12] [Server thread/INFO]: [STDERR]: 	at com.google.common.eventbus.EventSubscriber.handleEvent(EventSubscriber.java:74)
[12:52:12] [Server thread/INFO]: [STDERR]: 	at com.google.common.eventbus.SynchronizedEventSubscriber.handleEvent(SynchronizedEventSubscriber.java:47)
[12:52:12] [Server thread/INFO]: [STDERR]: 	at com.google.common.eventbus.EventBus.dispatch(EventBus.java:322)
[12:52:12] [Server thread/INFO]: [STDERR]: 	at com.google.common.eventbus.EventBus.dispatchQueuedEvents(EventBus.java:304)
[12:52:12] [Server thread/INFO]: [STDERR]: 	at com.google.common.eventbus.EventBus.post(EventBus.java:275)
[12:52:12] [Server thread/INFO]: [STDERR]: 	at net.minecraftforge.fml.common.LoadController.sendEventToModContainer(LoadController.java:252)
[12:52:12] [Server thread/INFO]: [STDERR]: 	at net.minecraftforge.fml.common.LoadController.propogateStateMessage(LoadController.java:230)
[12:52:12] [Server thread/INFO]: [STDERR]: 	at sun.reflect.NativeMethodAccessorImpl.invoke0(Native Method)
[12:52:12] [Server thread/INFO]: [STDERR]: 	at sun.reflect.NativeMethodAccessorImpl.invoke(Unknown Source)
[12:52:12] [Server thread/INFO]: [STDERR]: 	at sun.reflect.DelegatingMethodAccessorImpl.invoke(Unknown Source)
[12:52:12] [Server thread/INFO]: [STDERR]: 	at java.lang.reflect.Method.invoke(Unknown Source)
[12:52:12] [Server thread/INFO]: [STDERR]: 	at com.google.common.eventbus.EventSubscriber.handleEvent(EventSubscriber.java:74)
[12:52:12] [Server thread/INFO]: [STDERR]: 	at com.google.common.eventbus.SynchronizedEventSubscriber.handleEvent(SynchronizedEventSubscriber.java:47)
[12:52:12] [Server thread/INFO]: [STDERR]: 	at com.google.common.eventbus.EventBus.dispatch(EventBus.java:322)
[12:52:12] [Server thread/INFO]: [STDERR]: 	at com.google.common.eventbus.EventBus.dispatchQueuedEvents(EventBus.java:304)
[12:52:12] [Server thread/INFO]: [STDERR]: 	at com.google.common.eventbus.EventBus.post(EventBus.java:275)
[12:52:12] [Server thread/INFO]: [STDERR]: 	at net.minecraftforge.fml.common.LoadController.distributeStateMessage(LoadController.java:147)
[12:52:12] [Server thread/INFO]: [STDERR]: 	at net.minecraftforge.fml.common.Loader.preinitializeMods(Loader.java:647)
[12:52:12] [Server thread/INFO]: [STDERR]: 	at net.minecraftforge.fml.server.FMLServerHandler.beginServerLoading(FMLServerHandler.java:100)
[12:52:12] [Server thread/INFO]: [STDERR]: 	at net.minecraftforge.fml.common.FMLCommonHandler.onServerStart(FMLCommonHandler.java:328)
[12:52:12] [Server thread/INFO]: [STDERR]: 	at net.minecraft.server.dedicated.DedicatedServer.func_71197_b(DedicatedServer.java:121)
[12:52:12] [Server thread/INFO]: [STDERR]: 	at net.minecraft.server.MinecraftServer.run(MinecraftServer.java:442)
[12:52:12] [Server thread/INFO]: [STDERR]: 	at java.lang.Thread.run(Unknown Source)
[12:52:12] [Server thread/INFO]: [STDERR]: Caused by: java.lang.NullPointerException
[12:52:16] [Server thread/INFO]: Loading properties
[12:52:16] [Server thread/INFO]: Default game type: SURVIVAL
[12:52:16] [Server thread/INFO]: Generating keypair
[12:52:16] [Server thread/INFO]: Starting Minecraft server on *:25565
[12:52:16] [Server thread/INFO]: Using default channel type
[12:52:16] [Server thread/WARN]: **** SERVER IS RUNNING IN OFFLINE/INSECURE MODE!
[12:52:16] [Server thread/WARN]: The server will make no attempt to authenticate usernames. Beware.
[12:52:16] [Server thread/WARN]: While this makes the game possible to play without internet access, it also opens up the ability for hackers to connect with any username they choose.
[12:52:16] [Server thread/WARN]: To change this, set "online-mode" to "true" in the server.properties file.
[12:52:17] [Server thread/INFO]: [STDERR]: ItemStack parsing failed: '{"name":"sem:feuerblume","size":1}' is null
[12:52:17] [Server thread/INFO]: [STDERR]: ItemStack parsing failed: '{"name":"sem:eisblume","size":1}' is null
[12:52:17] [Server thread/INFO]: [STDERR]: ItemStack parsing failed: '{"name":"sem:staubblume","size":1}' is null
[12:52:18] [Server thread/INFO]: [STDOUT]: [DLDUNGEONS] Loading custom NBT tags (nbt.cfg)
[12:52:18] [Server thread/INFO]: [STDOUT]: [DLDUNGEONS] Found 12 themes.
[12:52:18] [Server thread/INFO]: [STDOUT]: [DLDUNGEONS] Loading chest loot file (chests.cfg)
[12:52:18] [Server thread/INFO]: [STDERR]: [DLDUNGEONS] ERROR! Item read as "minecraft:golden_apple(1)" was was not in registry (returned null).
[12:52:18] [Server thread/INFO]: [STDERR]: [DLDUNGEONS] ERROR! Item read as "minecraft:golden_apple(1)" was was not in registry (returned null).
[12:52:18] [Server thread/INFO]: [STDERR]: [DLDUNGEONS] ERROR! Item read as "minecraft:golden_apple(1)" was was not in registry (returned null).
[12:52:18] [Server thread/INFO]: [STDERR]: [DLDUNGEONS] ERROR! Item read as "minecraft:golden_apple(1)" was was not in registry (returned null).
[12:52:18] [Server thread/INFO]: [STDERR]: [DLDUNGEONS] ERROR! Item read as "minecraft:skull(1)" was was not in registry (returned null).
[12:52:18] [Server thread/INFO]: [STDERR]: [DLDUNGEONS] ERROR! Item read as "minecraft:skull(1)" was was not in registry (returned null).
[12:52:19] [Server thread/INFO]: Preparing level "world"
[12:52:20] [Server thread/INFO]: [STDOUT]: settings for world: 
[12:52:20] [Server thread/INFO]: [STDOUT]: Setting up landmass VANILLA
[12:52:20] [Server thread/INFO]: [STDOUT]: ChunkProviderGenerateBOP json: 
[12:52:20] [Server thread/INFO]: [STDOUT]: ChunkProviderGenerateBOP settings: {"landScheme":"vanilla","tempScheme":"medium_zones","rainScheme":"medium_zones","biomeSize":"medium","amplitude":1.0,"generateBopOre":true,"generateBopSoils":true,"generateBopTrees":true,"generateBopGrasses":true,"generateBopFoliage":true,"generateBopFlowers":true,"generateBopPlants":true,"generateBopWaterPlants":true,"generateBopMushrooms":true,"generateRockFormations":true,"generatePoisonIvy":true,"generateFlax":true,"generateBerryBushes":true,"generateThorns":true,"generateQuicksand":true,"generateLiquidPoison":true,"generateHotSprings":true,"generateNetherHives":true,"generateEndFeatures":true,"mainNoiseScaleX":80.0,"mainNoiseScaleY":160.0,"mainNoiseScaleZ":80.0,"coordinateScale":684.412,"heightScale":684.412,"upperLimitScale":512.0,"lowerLimitScale":512.0}
[12:52:20] [Server thread/INFO]: [STDOUT]: settings for world: 
[12:52:20] [Server thread/INFO]: [STDOUT]: Setting up landmass VANILLA
[12:52:20] [Server thread/INFO]: [STDOUT]: settings for world: 
[12:52:20] [Server thread/INFO]: [STDOUT]: Setting up landmass VANILLA
[12:52:20] [Server thread/INFO]: [STDOUT]: settings for world: 
[12:52:20] [Server thread/INFO]: [STDOUT]: Setting up landmass VANILLA
[12:52:20] [Server thread/INFO]: [STDOUT]: settings for world: 
[12:52:20] [Server thread/INFO]: [STDOUT]: Setting up landmass VANILLA
[12:52:20] [Server thread/INFO]: [STDOUT]: settings for world: 
[12:52:20] [Server thread/INFO]: [STDOUT]: Setting up landmass VANILLA
[12:52:20] [Server thread/INFO]: [STDOUT]: settings for hell world: 
[12:52:20] [Server thread/INFO]: Preparing start region for level 0
[12:52:21] [Server thread/INFO]: Preparing spawn area: 17%
[12:52:22] [Server thread/INFO]: Preparing spawn area: 76%
[12:52:23] [Server thread/INFO]: Done (3.707s)! For help, type "help" or "?"
[12:52:23] [Server thread/INFO]: [STDOUT]: Initing Temps of Items.
[13:02:24] [Server thread/INFO]: Kedwardness[/83.57.241.234:55650] logged in with entity id 169 at (835.9290697601654, 66.0, 62.53995060022334)
[13:02:24] [Server thread/INFO]: Kedwardness joined the game
[13:47:50] [Server thread/INFO]: Kedwardness has just earned the achievement [Erse for the world!]
[13:54:51] [Server thread/INFO]: Kedwardness lost connection: TranslatableComponent{key='disconnect.genericReason', args=[Internal Exception: java.io.IOException: Se ha anulado una conexión establecida por el software en su equipo host.], siblings=[], style=Style{hasParent=false, color=null, bold=null, italic=null, underlined=null, obfuscated=null, clickEvent=null, hoverEvent=null, insertion=null}}
[13:54:51] [Server thread/INFO]: Kedwardness left the game
[14:17:14] [Server thread/WARN]: Can't keep up! Did the system time change, or is the server overloaded? Running 5344ms behind, skipping 106 tick(s)
[14:23:31] [Server thread/INFO]: Stopping the server
[14:23:31] [Server thread/INFO]: Stopping server
[14:23:31] [Server thread/INFO]: Saving players
[14:23:31] [Server thread/INFO]: Saving worlds
[14:23:31] [Server thread/INFO]: Saving chunks for level 'world'/Overworld
[14:23:31] [Server thread/INFO]: Saving chunks for level 'world'/Nether
[14:23:31] [Server thread/INFO]: Saving chunks for level 'world'/The End
[14:23:31] [Server thread/INFO]: Saving chunks for level 'world'/elementaldimensions
[14:23:31] [Server thread/INFO]: Saving chunks for level 'world'/elementaldimensions
[14:23:31] [Server thread/INFO]: Saving chunks for level 'world'/elementaldimensions
[14:23:31] [Server thread/INFO]: Saving chunks for level 'world'/elementaldimensions
[14:23:31] [Server thread/INFO]: Saving chunks for level 'world'/elementaldimensions
[14:23:31] [Server thread/INFO]: Saving chunks for level 'world'/Tyros
[14:23:31] [Server thread/INFO]: Saving chunks for level 'world'/Menelaus
[14:23:31] [Server Shutdown Thread/INFO]: Stopping server
[14:23:31] [Server Shutdown Thread/INFO]: Saving players
[14:23:31] [Server Shutdown Thread/INFO]: Saving worlds
